<?xml version="1.0" ?>
<coverage version="7.13.1" timestamp="1767426624302" lines-valid="194" lines-covered="155" line-rate="0.799" branches-valid="32" branches-covered="23" branch-rate="0.7188" complexity="0">
	<!-- Generated by coverage.py: https://coverage.readthedocs.io/en/7.13.1 -->
	<!-- Based on https://raw.githubusercontent.com/cobertura/web/master/htdocs/xml/coverage-04.dtd -->
	<sources>
		<source>/home/hyli360/文档/python_project/ezwgd</source>
	</sources>
	<packages>
		<package name="src.ezwgd" line-rate="0.5769" branch-rate="1" complexity="0">
			<classes>
				<class name="__init__.py" filename="src/ezwgd/__init__.py" complexity="0" line-rate="1" branch-rate="1">
					<methods/>
					<lines>
						<line number="8" hits="1"/>
						<line number="9" hits="1"/>
						<line number="10" hits="1"/>
						<line number="11" hits="1"/>
						<line number="14" hits="1"/>
						<line number="15" hits="1"/>
						<line number="18" hits="1"/>
					</lines>
				</class>
				<class name="_base.py" filename="src/ezwgd/_base.py" complexity="0" line-rate="0.8" branch-rate="1">
					<methods/>
					<lines>
						<line number="3" hits="1"/>
						<line number="5" hits="1"/>
						<line number="6" hits="1"/>
						<line number="9" hits="1"/>
						<line number="10" hits="0"/>
					</lines>
				</class>
				<class name="_custom.py" filename="src/ezwgd/_custom.py" complexity="0" line-rate="0.6786" branch-rate="1">
					<methods/>
					<lines>
						<line number="1" hits="1"/>
						<line number="2" hits="1"/>
						<line number="3" hits="0"/>
						<line number="6" hits="1"/>
						<line number="7" hits="1"/>
						<line number="11" hits="1"/>
						<line number="14" hits="1"/>
						<line number="15" hits="0"/>
						<line number="19" hits="1"/>
						<line number="20" hits="0"/>
						<line number="22" hits="1"/>
						<line number="25" hits="1"/>
						<line number="26" hits="1"/>
						<line number="30" hits="1"/>
						<line number="31" hits="0"/>
						<line number="33" hits="1"/>
						<line number="36" hits="1"/>
						<line number="37" hits="1"/>
						<line number="41" hits="1"/>
						<line number="42" hits="0"/>
						<line number="44" hits="1"/>
						<line number="50" hits="1"/>
						<line number="51" hits="0"/>
						<line number="52" hits="0"/>
						<line number="53" hits="0"/>
						<line number="55" hits="1"/>
						<line number="56" hits="0"/>
						<line number="59" hits="1"/>
					</lines>
				</class>
				<class name="frontend.py" filename="src/ezwgd/frontend.py" complexity="0" line-rate="0" branch-rate="1">
					<methods/>
					<lines>
						<line number="5" hits="0"/>
						<line number="7" hits="0"/>
						<line number="8" hits="0"/>
						<line number="10" hits="0"/>
						<line number="25" hits="0"/>
						<line number="29" hits="0"/>
						<line number="31" hits="0"/>
						<line number="34" hits="0"/>
						<line number="38" hits="0"/>
						<line number="53" hits="0"/>
						<line number="54" hits="0"/>
						<line number="61" hits="0"/>
					</lines>
				</class>
				<class name="help.py" filename="src/ezwgd/help.py" complexity="0" line-rate="1" branch-rate="1">
					<methods/>
					<lines/>
				</class>
			</classes>
		</package>
		<package name="src.ezwgd.utils" line-rate="0.8803" branch-rate="0.7188" complexity="0">
			<classes>
				<class name="__init__.py" filename="src/ezwgd/utils/__init__.py" complexity="0" line-rate="1" branch-rate="1">
					<methods/>
					<lines/>
				</class>
				<class name="parse.py" filename="src/ezwgd/utils/parse.py" complexity="0" line-rate="0.8803" branch-rate="0.7188">
					<methods/>
					<lines>
						<line number="1" hits="1"/>
						<line number="6" hits="1"/>
						<line number="7" hits="1"/>
						<line number="9" hits="1"/>
						<line number="10" hits="1"/>
						<line number="12" hits="1"/>
						<line number="13" hits="1"/>
						<line number="14" hits="1"/>
						<line number="15" hits="1"/>
						<line number="17" hits="1"/>
						<line number="18" hits="1"/>
						<line number="19" hits="1"/>
						<line number="22" hits="1"/>
						<line number="23" hits="1"/>
						<line number="25" hits="1"/>
						<line number="27" hits="1"/>
						<line number="28" hits="1"/>
						<line number="29" hits="1"/>
						<line number="30" hits="1"/>
						<line number="31" hits="1"/>
						<line number="32" hits="1"/>
						<line number="33" hits="1"/>
						<line number="34" hits="1"/>
						<line number="37" hits="1"/>
						<line number="38" hits="1"/>
						<line number="43" hits="1"/>
						<line number="44" hits="1"/>
						<line number="46" hits="1"/>
						<line number="49" hits="1"/>
						<line number="50" hits="1"/>
						<line number="51" hits="1"/>
						<line number="54" hits="1"/>
						<line number="56" hits="1"/>
						<line number="58" hits="1"/>
						<line number="60" hits="1"/>
						<line number="61" hits="1"/>
						<line number="63" hits="1"/>
						<line number="64" hits="1"/>
						<line number="65" hits="1"/>
						<line number="68" hits="1"/>
						<line number="69" hits="1"/>
						<line number="70" hits="1"/>
						<line number="74" hits="1"/>
						<line number="75" hits="1"/>
						<line number="76" hits="1"/>
						<line number="79" hits="1"/>
						<line number="82" hits="1"/>
						<line number="85" hits="1"/>
						<line number="89" hits="1"/>
						<line number="90" hits="1"/>
						<line number="91" hits="1"/>
						<line number="97" hits="1"/>
						<line number="100" hits="1"/>
						<line number="103" hits="1"/>
						<line number="104" hits="1" branch="true" condition-coverage="100% (2/2)"/>
						<line number="106" hits="1"/>
						<line number="107" hits="1"/>
						<line number="111" hits="1"/>
						<line number="112" hits="1"/>
						<line number="115" hits="1"/>
						<line number="116" hits="1"/>
						<line number="118" hits="1"/>
						<line number="120" hits="1"/>
						<line number="127" hits="1"/>
						<line number="132" hits="1" branch="true" condition-coverage="100% (2/2)"/>
						<line number="133" hits="1"/>
						<line number="137" hits="1"/>
						<line number="140" hits="1"/>
						<line number="142" hits="1" branch="true" condition-coverage="50% (1/2)" missing-branches="143"/>
						<line number="143" hits="0"/>
						<line number="145" hits="1"/>
						<line number="147" hits="1" branch="true" condition-coverage="50% (1/2)" missing-branches="148"/>
						<line number="148" hits="0"/>
						<line number="151" hits="1"/>
						<line number="152" hits="1" branch="true" condition-coverage="100% (2/2)"/>
						<line number="154" hits="1"/>
						<line number="155" hits="1"/>
						<line number="157" hits="1"/>
						<line number="160" hits="1" branch="true" condition-coverage="50% (1/2)" missing-branches="161"/>
						<line number="161" hits="0"/>
						<line number="163" hits="1"/>
						<line number="165" hits="1"/>
						<line number="167" hits="1"/>
						<line number="172" hits="1"/>
						<line number="173" hits="1"/>
						<line number="175" hits="1"/>
						<line number="178" hits="1" branch="true" condition-coverage="50% (1/2)" missing-branches="184"/>
						<line number="180" hits="1"/>
						<line number="181" hits="1" branch="true" condition-coverage="50% (1/2)" missing-branches="182"/>
						<line number="182" hits="0"/>
						<line number="184" hits="1"/>
						<line number="185" hits="1"/>
						<line number="186" hits="1"/>
						<line number="187" hits="1"/>
						<line number="188" hits="1"/>
						<line number="189" hits="0"/>
						<line number="190" hits="0"/>
						<line number="191" hits="1"/>
						<line number="196" hits="1"/>
						<line number="201" hits="1" branch="true" condition-coverage="100% (2/2)"/>
						<line number="202" hits="1"/>
						<line number="204" hits="1"/>
						<line number="205" hits="1" branch="true" condition-coverage="100% (2/2)"/>
						<line number="206" hits="1" branch="true" condition-coverage="50% (1/2)" missing-branches="207"/>
						<line number="207" hits="0"/>
						<line number="208" hits="1"/>
						<line number="209" hits="1" branch="true" condition-coverage="100% (2/2)"/>
						<line number="210" hits="1"/>
						<line number="212" hits="1" branch="true" condition-coverage="50% (1/2)" missing-branches="213"/>
						<line number="213" hits="0"/>
						<line number="215" hits="1"/>
						<line number="216" hits="1"/>
						<line number="217" hits="1"/>
						<line number="219" hits="1"/>
						<line number="220" hits="0" branch="true" condition-coverage="0% (0/2)" missing-branches="exit,221"/>
						<line number="221" hits="0"/>
						<line number="222" hits="0"/>
						<line number="225" hits="0"/>
						<line number="226" hits="0"/>
						<line number="227" hits="0"/>
						<line number="229" hits="1"/>
						<line number="238" hits="1"/>
						<line number="239" hits="1"/>
						<line number="240" hits="1"/>
						<line number="241" hits="1"/>
						<line number="242" hits="1" branch="true" condition-coverage="100% (2/2)"/>
						<line number="243" hits="1"/>
						<line number="244" hits="1"/>
						<line number="245" hits="1"/>
						<line number="246" hits="1"/>
						<line number="247" hits="1"/>
						<line number="248" hits="1" branch="true" condition-coverage="100% (2/2)"/>
						<line number="249" hits="1"/>
						<line number="250" hits="1"/>
						<line number="251" hits="1"/>
						<line number="252" hits="1"/>
						<line number="254" hits="1"/>
						<line number="258" hits="1"/>
						<line number="261" hits="1"/>
						<line number="262" hits="0"/>
						<line number="278" hits="0"/>
						<line number="279" hits="0"/>
					</lines>
				</class>
			</classes>
		</package>
	</packages>
</coverage>
